Release 14.7 - ngc2edif P.20131013 (lin64)
Copyright (c) 1995-2013 Xilinx, Inc.  All rights reserved.
Reading design Nexys2_programmer.ngc ...
WARNING:NetListWriters:298 - No output is written to Nexys2_programmer.xncf,
   ignored.
Processing design ...
   Preping design's networks ...
   Preping design's macros ...
WARNING:NetListWriters:306 - Signal bus intcon_inst/prev_in<7 : 0> on block
   Nexys2_programmer is not reconstructed, because there are some missing bus
   signals.
WARNING:NetListWriters:306 - Signal bus intcon_inst/status<7 : 0> on block
   Nexys2_programmer is not reconstructed, because there are some missing bus
   signals.
  finished :Prep
Writing EDIF netlist file Nexys2_programmer.edif ...
ngc2edif: Total memory usage is 110428 kilobytes

Release 14.7 - ngc2edif P.20131013 (lin64)
Copyright (c) 1995-2013 Xilinx, Inc.  All rights reserved.
Reading design BRAM_16K.ngc ...
WARNING:NetListWriters:298 - No output is written to BRAM_16K.xncf, ignored.
Processing design ...
   Preping design's networks ...
   Preping design's macros ...
  finished :Prep
Writing EDIF netlist file BRAM_16K.edif ...
ngc2edif: Total memory usage is 104832 kilobytes

