INFO:sim:172 - Generating IP...
Applying current project options...
Finished applying current project options.
WARNING:sim - A core named 'BRAM_16K' already exists in the project. Output
   products for this core may be overwritten.
Resolving generics for 'BRAM_16K'...
WARNING:sim - A core named 'BRAM_16K' already exists in the project. Output
   products for this core may be overwritten.
Applying external generics to 'BRAM_16K'...
Delivering associated files for 'BRAM_16K'...
Delivering EJava files for 'BRAM_16K'...
Generating implementation netlist for 'BRAM_16K'...
INFO:sim - Pre-processing HDL files for 'BRAM_16K'...
Running synthesis for 'BRAM_16K'
Running ngcbuild...
Writing VEO instantiation template for 'BRAM_16K'...
Writing Verilog behavioral simulation model for 'BRAM_16K'...
WARNING:sim - Overwriting existing file
   /home/ise/VM_share/Nexys2_PMOD_Programmer/ipcore_dir/tmp/_cg/BRAM_16K/doc/blk
   _mem_gen_v7_3_vinfo.html with file from view xilinx_documentation
Delivered 1 file into directory
/home/ise/VM_share/Nexys2_PMOD_Programmer/ipcore_dir/tmp/_cg/BRAM_16K
Generating ASY schematic symbol...
INFO:sim:949 - Finished generation of ASY schematic symbol.
Generating SYM schematic symbol for 'BRAM_16K'...
Generating metadata file...
Regenerating ISE project file for 'BRAM_16K'...
Generating ISE project...
XCO file found: BRAM_16K.xco
XMDF file found: BRAM_16K_xmdf.tcl
Adding /home/ise/VM_share/Nexys2_PMOD_Programmer/ipcore_dir/tmp/_cg/BRAM_16K.asy
-view all -origin_type imported
Adding /home/ise/VM_share/Nexys2_PMOD_Programmer/ipcore_dir/tmp/_cg/BRAM_16K.ngc
-view all -origin_type created
Checking file
"/home/ise/VM_share/Nexys2_PMOD_Programmer/ipcore_dir/tmp/_cg/BRAM_16K.ngc" for
project device match ...
File "/home/ise/VM_share/Nexys2_PMOD_Programmer/ipcore_dir/tmp/_cg/BRAM_16K.ngc"
device information matches project device.
Adding /home/ise/VM_share/Nexys2_PMOD_Programmer/ipcore_dir/tmp/_cg/BRAM_16K.sym
-view all -origin_type imported
Adding /home/ise/VM_share/Nexys2_PMOD_Programmer/ipcore_dir/tmp/_cg/BRAM_16K.v
-view all -origin_type created
INFO:HDLCompiler:1845 - Analyzing Verilog file
   "/home/ise/VM_share/Nexys2_PMOD_Programmer/ipcore_dir/tmp/_cg/BRAM_16K.v"
   into library work
INFO:ProjectMgmt - Parsing design hierarchy completed successfully.
Adding /home/ise/VM_share/Nexys2_PMOD_Programmer/ipcore_dir/tmp/_cg/BRAM_16K.veo
-view all -origin_type imported
INFO:TclTasksC:2116 - The automatic calculation of top has been turned-off.
   Please set the new top explicitly by running the "project set top" command.
   To re-calculate the new top automatically, set the "Auto Implementation Top"
   property to true.
Top level has been set to "/BRAM_16K"
Generating README file...
Generating FLIST file...
INFO:sim:948 - Finished FLIST file generation.
Launching README viewer...
Moving files to output directory...
Finished moving files to output directory
Wrote CGP file for project 'BRAM_16K'.
