
****** PlanAhead v14.7 (64-bit)
  **** Build 321239 by xbuild on Fri Sep 27 19:24:36 MDT 2013
    ** Copyright 1986-1999, 2001-2013 Xilinx, Inc. All Rights Reserved.

INFO: [Common 17-78] Attempting to get a license: PlanAhead
INFO: [Common 17-290] Got license for PlanAhead
INFO: [Common 17-86] Your PlanAhead license expires in -1867 day(s)
INFO: [Device 21-36] Loading parts and site information from /opt/Xilinx/14.7/ISE_DS/PlanAhead/data/parts/arch.xml
Parsing RTL primitives file [/opt/Xilinx/14.7/ISE_DS/PlanAhead/data/parts/xilinx/rtl/prims/rtl_prims.xml]
Finished parsing RTL primitives file [/opt/Xilinx/14.7/ISE_DS/PlanAhead/data/parts/xilinx/rtl/prims/rtl_prims.xml]
start_gui
source /home/ise/VM_share/Nexys2_programmer/pa.fromNcd.tcl
# create_project -name Nexys2_programmer -dir "/home/ise/VM_share/Nexys2_programmer/planAhead_run_1" -part xc3s500efg320-4
# set srcset [get_property srcset [current_run -impl]]
# set_property design_mode GateLvl $srcset
# set_property edif_top_file "/home/ise/VM_share/Nexys2_programmer/Nexys2_programmer.ngc" [ get_property srcset [ current_run ] ]
# add_files -norecurse { {/home/ise/VM_share/Nexys2_programmer} {ipcore_dir} }
# add_files [list {ipcore_dir/BRAM_16K.ncf}] -fileset [get_property constrset [current_run]]
# set_property target_constrs_file "Nexys2_500General.ucf" [current_fileset -constrset]
Adding file '/home/ise/VM_share/Nexys2_programmer/Nexys2_500General.ucf' to fileset 'constrs_1'
# add_files [list {Nexys2_500General.ucf}] -fileset [get_property constrset [current_run]]
# link_design
Design is defaulting to srcset: sources_1
Design is defaulting to constrset: constrs_1
Design is defaulting to project part: xc3s500efg320-4
Release 14.7 - ngc2edif P.20131013 (lin64)
Copyright (c) 1995-2013 Xilinx, Inc.  All rights reserved.

Release 14.7 - ngc2edif P.20131013 (lin64)
Copyright (c) 1995-2013 Xilinx, Inc.  All rights reserved.
Reading design Nexys2_programmer.ngc ...
WARNING:NetListWriters:298 - No output is written to Nexys2_programmer.xncf,
   ignored.
Processing design ...
   Preping design's networks ...
   Preping design's macros ...
WARNING:NetListWriters:306 - Signal bus intcon_inst/prev_in<7 : 0> on block
   Nexys2_programmer is not reconstructed, because there are some missing bus
   signals.
WARNING:NetListWriters:306 - Signal bus intcon_inst/status<7 : 0> on block
   Nexys2_programmer is not reconstructed, because there are some missing bus
   signals.
  finished :Prep
Writing EDIF netlist file Nexys2_programmer.edif ...
ngc2edif: Total memory usage is 110428 kilobytes

Parsing EDIF File [./planAhead_run_1/Nexys2_programmer.data/cache/Nexys2_programmer_ngc_4478225e.edif]
Finished Parsing EDIF File [./planAhead_run_1/Nexys2_programmer.data/cache/Nexys2_programmer_ngc_4478225e.edif]
Release 14.7 - ngc2edif P.20131013 (lin64)
Copyright (c) 1995-2013 Xilinx, Inc.  All rights reserved.

Release 14.7 - ngc2edif P.20131013 (lin64)
Copyright (c) 1995-2013 Xilinx, Inc.  All rights reserved.
Reading design BRAM_16K.ngc ...
WARNING:NetListWriters:298 - No output is written to BRAM_16K.xncf, ignored.
Processing design ...
   Preping design's networks ...
   Preping design's macros ...
  finished :Prep
Writing EDIF netlist file BRAM_16K.edif ...
ngc2edif: Total memory usage is 104832 kilobytes

Reading core file '/home/ise/VM_share/Nexys2_programmer/ipcore_dir/BRAM_16K.ngc' for (cell view 'BRAM_16K', library 'Nexys2_programmer_lib', file 'Nexys2_programmer.ngc')
Parsing EDIF File [./planAhead_run_1/Nexys2_programmer.data/cache/BRAM_16K_ngc_c2288cad.edif]
Finished Parsing EDIF File [./planAhead_run_1/Nexys2_programmer.data/cache/BRAM_16K_ngc_c2288cad.edif]
INFO: [Designutils 20-910] Reading macro library /opt/Xilinx/14.7/ISE_DS/PlanAhead/data/./parts/xilinx/spartan3e/spartan3e/hd_int_macros.edn
Parsing EDIF File [/opt/Xilinx/14.7/ISE_DS/PlanAhead/data/./parts/xilinx/spartan3e/spartan3e/hd_int_macros.edn]
Finished Parsing EDIF File [/opt/Xilinx/14.7/ISE_DS/PlanAhead/data/./parts/xilinx/spartan3e/spartan3e/hd_int_macros.edn]
WARNING: [Netlist 29-43] Netlist 'Nexys2_programmer' is not ideal for floorplanning, since the cellview 'Nexys2_programmer' defined in file 'Nexys2_programmer.ngc' contains large number of primitives.  Please consider enabling hierarchy in synthesis if you want to do floorplanning.
Loading clock regions from /opt/Xilinx/14.7/ISE_DS/PlanAhead/data/parts/xilinx/spartan3e/spartan3e/xc3s500e/ClockRegion.xml
Loading clock buffers from /opt/Xilinx/14.7/ISE_DS/PlanAhead/data/parts/xilinx/spartan3e/spartan3e/xc3s500e/ClockBuffers.xml
Loading package from /opt/Xilinx/14.7/ISE_DS/PlanAhead/data/parts/xilinx/spartan3e/spartan3e/xc3s500e/fg320/Package.xml
Loading io standards from /opt/Xilinx/14.7/ISE_DS/PlanAhead/data/./parts/xilinx/spartan3e/IOStandards.xml
INFO: [Device 21-19] Loading pkg sso from /opt/Xilinx/14.7/ISE_DS/PlanAhead/data/parts/xilinx/spartan3e/spartan3e/xc3s500e/fg320/SSORules.xml
Loading list of drcs for the architecture : /opt/Xilinx/14.7/ISE_DS/PlanAhead/data/./parts/xilinx/spartan3e/spartan3e/drc.xml
INFO: [Timing 38-77] Reading timing library /opt/Xilinx/14.7/ISE_DS/PlanAhead/data/parts/xilinx/spartan3e/spartan3e/spartan3e-4.lib.
INFO: [Timing 38-34] Done reading timing library /opt/Xilinx/14.7/ISE_DS/PlanAhead/data/parts/xilinx/spartan3e/spartan3e/spartan3e-4.lib.
Parsing UCF File [/home/ise/VM_share/Nexys2_programmer/ipcore_dir/BRAM_16K.ncf]
Finished Parsing UCF File [/home/ise/VM_share/Nexys2_programmer/ipcore_dir/BRAM_16K.ncf]
Parsing UCF File [/home/ise/VM_share/Nexys2_programmer/Nexys2_500General.ucf]
Finished Parsing UCF File [/home/ise/VM_share/Nexys2_programmer/Nexys2_500General.ucf]
INFO: [Project 1-111] Unisim Transformation Summary:
No Unisim elements were transformed.

Phase 0 | Netlist Checksum: ba3ee131
link_design: Time (s): cpu = 00:00:05 ; elapsed = 00:00:07 . Memory (MB): peak = 2751.844 ; gain = 115.863
# read_xdl -file "/home/ise/VM_share/Nexys2_programmer/Nexys2_programmer.ncd"
Release 14.7 - xdl P.20131013 (lin64)
Copyright (c) 1995-2013 Xilinx, Inc.  All rights reserved.

WARNING:XDL:213 - The resulting xdl output will not have LUT equation strings or RAM INIT strings.
Loading device for application Rf_Device from file '3s500e.nph' in environment /opt/Xilinx/14.7/ISE_DS/ISE/.
   "Nexys2_programmer" is an NCD, version 3.2, device xc3s500e, package fg320, speed -4
Successfully converted design '/home/ise/VM_share/Nexys2_programmer/Nexys2_programmer.ncd' to '/home/ise/VM_share/Nexys2_programmer/Nexys2_programmer.xdl'.
INFO: [Designutils 20-669] Parsing Placement File : /home/ise/VM_share/Nexys2_programmer/Nexys2_programmer.ncd
INFO: [Designutils 20-658] Finished Parsing Placement File : /home/ise/VM_share/Nexys2_programmer/Nexys2_programmer.ncd
INFO: [Designutils 20-671] Placed 3698 instances
# if {[catch {read_twx -name results_1 -file "/home/ise/VM_share/Nexys2_programmer/Nexys2_programmer.twx"} eInfo]} {
#    puts "WARNING: there was a problem importing \"/home/ise/VM_share/Nexys2_programmer/Nexys2_programmer.twx\": $eInfo"
# }
exit
ERROR: [Common 17-39] 'stop_gui' failed due to earlier errors.
INFO: [Common 17-206] Exiting PlanAhead at Fri Jun 10 04:21:19 2022...
INFO: [Common 17-83] Releasing license: PlanAhead
