Flow report for DE2_programmer
Sun Sep 18 17:23:20 2022
Quartus II 64-Bit Version 13.0.1 Build 232 06/12/2013 Service Pack 1 SJ Web Edition


---------------------
; Table of Contents ;
---------------------
  1. Legal Notice
  2. Flow Summary
  3. Flow Settings
  4. Flow Non-Default Global Settings
  5. Flow Elapsed Time
  6. Flow OS Summary
  7. Flow Log
  8. Flow Messages
  9. Flow Suppressed Messages



----------------
; Legal Notice ;
----------------
Copyright (C) 1991-2013 Altera Corporation
Your use of Altera Corporation's design tools, logic functions 
and other software and tools, and its AMPP partner logic 
functions, and any output files from any of the foregoing 
(including device programming or simulation files), and any 
associated documentation or information are expressly subject 
to the terms and conditions of the Altera Program License 
Subscription Agreement, Altera MegaCore Function License 
Agreement, or other applicable license agreement, including, 
without limitation, that your use is for the sole purpose of 
programming logic devices manufactured by Altera and sold by 
Altera or its authorized distributors.  Please refer to the 
applicable agreement for further details.



+--------------------------------------------------------------------------------------+
; Flow Summary                                                                         ;
+------------------------------------+-------------------------------------------------+
; Flow Status                        ; Successful - Sun Sep 18 17:23:20 2022           ;
; Quartus II 64-Bit Version          ; 13.0.1 Build 232 06/12/2013 SP 1 SJ Web Edition ;
; Revision Name                      ; DE2_programmer                                  ;
; Top-level Entity Name              ; DE2_programmer                                  ;
; Family                             ; Cyclone II                                      ;
; Device                             ; EP2C35F672C6                                    ;
; Timing Models                      ; Final                                           ;
; Total logic elements               ; 4,091 / 33,216 ( 12 % )                         ;
;     Total combinational functions  ; 3,159 / 33,216 ( 10 % )                         ;
;     Dedicated logic registers      ; 2,900 / 33,216 ( 9 % )                          ;
; Total registers                    ; 2900                                            ;
; Total pins                         ; 202 / 475 ( 43 % )                              ;
; Total virtual pins                 ; 0                                               ;
; Total memory bits                  ; 262,144 / 483,840 ( 54 % )                      ;
; Embedded Multiplier 9-bit elements ; 0 / 70 ( 0 % )                                  ;
; Total PLLs                         ; 1 / 4 ( 25 % )                                  ;
+------------------------------------+-------------------------------------------------+


+-----------------------------------------+
; Flow Settings                           ;
+-------------------+---------------------+
; Option            ; Setting             ;
+-------------------+---------------------+
; Start date & time ; 09/18/2022 17:22:52 ;
; Main task         ; Compilation         ;
; Revision Name     ; DE2_programmer      ;
+-------------------+---------------------+


+-----------------------------------------------------------------------------------------------------------------------+
; Flow Non-Default Global Settings                                                                                      ;
+--------------------------------------+---------------------------------+---------------+-------------+----------------+
; Assignment Name                      ; Value                           ; Default Value ; Entity Name ; Section Id     ;
+--------------------------------------+---------------------------------+---------------+-------------+----------------+
; COMPILER_SIGNATURE_ID                ; 67001779003571.166354337112468  ; --            ; --          ; --             ;
; EDA_DESIGN_INSTANCE_NAME             ; NA                              ; --            ; --          ; testbench      ;
; EDA_NATIVELINK_SIMULATION_TEST_BENCH ; testbench                       ; --            ; --          ; eda_simulation ;
; EDA_OUTPUT_DATA_FORMAT               ; Systemverilog Hdl               ; --            ; --          ; eda_simulation ;
; EDA_SIMULATION_TOOL                  ; ModelSim-Altera (SystemVerilog) ; <None>        ; --          ; --             ;
; EDA_TEST_BENCH_ENABLE_STATUS         ; TEST_BENCH_MODE                 ; --            ; --          ; eda_simulation ;
; EDA_TEST_BENCH_FILE                  ; CPU/ALU.v                       ; --            ; --          ; testbench      ;
; EDA_TEST_BENCH_FILE                  ; CPU/decode_unit.v               ; --            ; --          ; testbench      ;
; EDA_TEST_BENCH_FILE                  ; CPU/hazard_unit.v               ; --            ; --          ; testbench      ;
; EDA_TEST_BENCH_FILE                  ; CPU/NeonFox.v                   ; --            ; --          ; testbench      ;
; EDA_TEST_BENCH_FILE                  ; CPU/PC.v                        ; --            ; --          ; testbench      ;
; EDA_TEST_BENCH_FILE                  ; CPU/reg_file.v                  ; --            ; --          ; testbench      ;
; EDA_TEST_BENCH_FILE                  ; BRAM_16K.v                      ; --            ; --          ; testbench      ;
; EDA_TEST_BENCH_FILE                  ; button_debounce.sv              ; --            ; --          ; testbench      ;
; EDA_TEST_BENCH_FILE                  ; DE1_PS2_driver.sv               ; --            ; --          ; testbench      ;
; EDA_TEST_BENCH_FILE                  ; DE2_flash_controller.sv         ; --            ; --          ; testbench      ;
; EDA_TEST_BENCH_FILE                  ; DE2_hex_driver.sv               ; --            ; --          ; testbench      ;
; EDA_TEST_BENCH_FILE                  ; de2_programmer.mif              ; --            ; --          ; testbench      ;
; EDA_TEST_BENCH_FILE                  ; DE2_SRAM_controller.sv          ; --            ; --          ; testbench      ;
; EDA_TEST_BENCH_FILE                  ; fifo.sv                         ; --            ; --          ; testbench      ;
; EDA_TEST_BENCH_FILE                  ; interrupt_controller.v          ; --            ; --          ; testbench      ;
; EDA_TEST_BENCH_FILE                  ; testbench.v                     ; --            ; --          ; testbench      ;
; EDA_TEST_BENCH_FILE                  ; serial_gen2.sv                  ; --            ; --          ; testbench      ;
; EDA_TEST_BENCH_FILE                  ; iomm16_gen2.sv                  ; --            ; --          ; testbench      ;
; EDA_TEST_BENCH_FILE                  ; keyboard.v                      ; --            ; --          ; testbench      ;
; EDA_TEST_BENCH_FILE                  ; PLL0.v                          ; --            ; --          ; testbench      ;
; EDA_TEST_BENCH_FILE                  ; ps2_host.sv                     ; --            ; --          ; testbench      ;
; EDA_TEST_BENCH_FILE                  ; queue_8_8.sv                    ; --            ; --          ; testbench      ;
; EDA_TEST_BENCH_FILE                  ; sdr.sv                          ; --            ; --          ; testbench      ;
; EDA_TEST_BENCH_FILE                  ; sdr_parameters.sv               ; --            ; --          ; testbench      ;
; EDA_TEST_BENCH_FILE                  ; sdram_controller_gen2.sv        ; --            ; --          ; testbench      ;
; EDA_TEST_BENCH_FILE                  ; uart_gen2.sv                    ; --            ; --          ; testbench      ;
; EDA_TEST_BENCH_FILE                  ; timer.v                         ; --            ; --          ; testbench      ;
; EDA_TEST_BENCH_FILE                  ; Toplevel.v                      ; --            ; --          ; testbench      ;
; EDA_TEST_BENCH_MODULE_NAME           ; testbench                       ; --            ; --          ; testbench      ;
; EDA_TEST_BENCH_NAME                  ; testbench                       ; --            ; --          ; eda_simulation ;
; EDA_TEST_BENCH_RUN_SIM_FOR           ; 100 us                          ; --            ; --          ; testbench      ;
; EDA_TIME_SCALE                       ; 1 ps                            ; --            ; --          ; eda_simulation ;
; IP_TOOL_NAME                         ; ALTPLL                          ; --            ; --          ; --             ;
; IP_TOOL_NAME                         ; RAM: 2-PORT                     ; --            ; --          ; --             ;
; IP_TOOL_VERSION                      ; 13.0                            ; --            ; --          ; --             ;
; IP_TOOL_VERSION                      ; 13.0                            ; --            ; --          ; --             ;
; MAX_CORE_JUNCTION_TEMP               ; 85                              ; --            ; --          ; --             ;
; MIN_CORE_JUNCTION_TEMP               ; 0                               ; --            ; --          ; --             ;
; MISC_FILE                            ; PLL0.ppf                        ; --            ; --          ; --             ;
; PARTITION_COLOR                      ; 16764057                        ; --            ; --          ; Top            ;
; PARTITION_FITTER_PRESERVATION_LEVEL  ; PLACEMENT_AND_ROUTING           ; --            ; --          ; Top            ;
; PARTITION_NETLIST_TYPE               ; SOURCE                          ; --            ; --          ; Top            ;
; PROJECT_OUTPUT_DIRECTORY             ; output_files                    ; --            ; --          ; --             ;
+--------------------------------------+---------------------------------+---------------+-------------+----------------+


+-------------------------------------------------------------------------------------------------------------------------------+
; Flow Elapsed Time                                                                                                             ;
+---------------------------+--------------+-------------------------+---------------------+------------------------------------+
; Module Name               ; Elapsed Time ; Average Processors Used ; Peak Virtual Memory ; Total CPU Time (on all processors) ;
+---------------------------+--------------+-------------------------+---------------------+------------------------------------+
; Analysis & Synthesis      ; 00:00:07     ; 1.0                     ; 4632 MB             ; 00:00:07                           ;
; Fitter                    ; 00:00:11     ; 5.4                     ; 5858 MB             ; 00:00:19                           ;
; Assembler                 ; 00:00:02     ; 1.0                     ; 4592 MB             ; 00:00:02                           ;
; TimeQuest Timing Analyzer ; 00:00:02     ; 1.0                     ; 4695 MB             ; 00:00:02                           ;
; EDA Netlist Writer        ; 00:00:02     ; 1.0                     ; 4588 MB             ; 00:00:02                           ;
; Total                     ; 00:00:24     ; --                      ; --                  ; 00:00:32                           ;
+---------------------------+--------------+-------------------------+---------------------+------------------------------------+


+----------------------------------------------------------------------------------------+
; Flow OS Summary                                                                        ;
+---------------------------+------------------+-----------+------------+----------------+
; Module Name               ; Machine Hostname ; OS Name   ; OS Version ; Processor type ;
+---------------------------+------------------+-----------+------------+----------------+
; Analysis & Synthesis      ; DESKTOP-SL2658E  ; Windows 7 ; 6.2        ; x86_64         ;
; Fitter                    ; DESKTOP-SL2658E  ; Windows 7 ; 6.2        ; x86_64         ;
; Assembler                 ; DESKTOP-SL2658E  ; Windows 7 ; 6.2        ; x86_64         ;
; TimeQuest Timing Analyzer ; DESKTOP-SL2658E  ; Windows 7 ; 6.2        ; x86_64         ;
; EDA Netlist Writer        ; DESKTOP-SL2658E  ; Windows 7 ; 6.2        ; x86_64         ;
+---------------------------+------------------+-----------+------------+----------------+


------------
; Flow Log ;
------------
quartus_map --read_settings_files=on --write_settings_files=off DE2_programmer -c DE2_programmer
quartus_fit --read_settings_files=off --write_settings_files=off DE2_programmer -c DE2_programmer
quartus_asm --read_settings_files=off --write_settings_files=off DE2_programmer -c DE2_programmer
quartus_sta DE2_programmer -c DE2_programmer
quartus_eda --read_settings_files=off --write_settings_files=off DE2_programmer -c DE2_programmer



