Flow report for DragonBoard_programmer
Sun Mar 12 13:14:59 2023
Quartus Prime Version 19.1.0 Build 670 09/22/2019 SJ Lite Edition


---------------------
; Table of Contents ;
---------------------
  1. Legal Notice
  2. Flow Summary
  3. Flow Settings
  4. Flow Non-Default Global Settings
  5. Flow Elapsed Time
  6. Flow OS Summary
  7. Flow Log
  8. Flow Messages
  9. Flow Suppressed Messages



----------------
; Legal Notice ;
----------------
Copyright (C) 2019  Intel Corporation. All rights reserved.
Your use of Intel Corporation's design tools, logic functions 
and other software and tools, and any partner logic 
functions, and any output files from any of the foregoing 
(including device programming or simulation files), and any 
associated documentation or information are expressly subject 
to the terms and conditions of the Intel Program License 
Subscription Agreement, the Intel Quartus Prime License Agreement,
the Intel FPGA IP License Agreement, or other applicable license
agreement, including, without limitation, that your use is for
the sole purpose of programming logic devices manufactured by
Intel and sold by Intel or its authorized distributors.  Please
refer to the applicable agreement for further details, at
https://fpgasoftware.intel.com/eula.



+----------------------------------------------------------------------------------+
; Flow Summary                                                                     ;
+------------------------------------+---------------------------------------------+
; Flow Status                        ; Successful - Sun Mar 12 13:14:59 2023       ;
; Quartus Prime Version              ; 19.1.0 Build 670 09/22/2019 SJ Lite Edition ;
; Revision Name                      ; DragonBoard_programmer                      ;
; Top-level Entity Name              ; DragonBoard_programmer                      ;
; Family                             ; Cyclone IV E                                ;
; Device                             ; EP4CE6E22C8                                 ;
; Timing Models                      ; Final                                       ;
; Total logic elements               ; 3,961 / 6,272 ( 63 % )                      ;
;     Total combinational functions  ; 2,971 / 6,272 ( 47 % )                      ;
;     Dedicated logic registers      ; 2,881 / 6,272 ( 46 % )                      ;
; Total registers                    ; 2881                                        ;
; Total pins                         ; 47 / 92 ( 51 % )                            ;
; Total virtual pins                 ; 0                                           ;
; Total memory bits                  ; 196,608 / 276,480 ( 71 % )                  ;
; Embedded Multiplier 9-bit elements ; 0 / 30 ( 0 % )                              ;
; Total PLLs                         ; 1 / 2 ( 50 % )                              ;
+------------------------------------+---------------------------------------------+


+--------------------------------------------+
; Flow Settings                              ;
+-------------------+------------------------+
; Option            ; Setting                ;
+-------------------+------------------------+
; Start date & time ; 03/12/2023 13:14:31    ;
; Main task         ; Compilation            ;
; Revision Name     ; DragonBoard_programmer ;
+-------------------+------------------------+


+-------------------------------------------------------------------------------------------------------------------------------------------------+
; Flow Non-Default Global Settings                                                                                                                ;
+--------------------------------------+----------------------------------------+---------------+-------------+-----------------------------------+
; Assignment Name                      ; Value                                  ; Default Value ; Entity Name ; Section Id                        ;
+--------------------------------------+----------------------------------------+---------------+-------------+-----------------------------------+
; COMPILER_SIGNATURE_ID                ; 67001779003567.167862327127482         ; --            ; --          ; --                                ;
; EDA_DESIGN_INSTANCE_NAME             ; NA                                     ; --            ; --          ; testbench                         ;
; EDA_GENERATE_FUNCTIONAL_NETLIST      ; Off                                    ; --            ; --          ; eda_board_design_timing           ;
; EDA_GENERATE_FUNCTIONAL_NETLIST      ; Off                                    ; --            ; --          ; eda_board_design_boundary_scan    ;
; EDA_GENERATE_FUNCTIONAL_NETLIST      ; Off                                    ; --            ; --          ; eda_board_design_signal_integrity ;
; EDA_GENERATE_FUNCTIONAL_NETLIST      ; Off                                    ; --            ; --          ; eda_board_design_symbol           ;
; EDA_NATIVELINK_SIMULATION_TEST_BENCH ; testbench                              ; --            ; --          ; eda_simulation                    ;
; EDA_OUTPUT_DATA_FORMAT               ; Systemverilog Hdl                      ; --            ; --          ; eda_simulation                    ;
; EDA_SIMULATION_TOOL                  ; ModelSim-Altera (SystemVerilog)        ; <None>        ; --          ; --                                ;
; EDA_TEST_BENCH_ENABLE_STATUS         ; TEST_BENCH_MODE                        ; --            ; --          ; eda_simulation                    ;
; EDA_TEST_BENCH_FILE                  ; CPU/ALU.v                              ; --            ; --          ; testbench                         ;
; EDA_TEST_BENCH_FILE                  ; CPU/decode_unit.v                      ; --            ; --          ; testbench                         ;
; EDA_TEST_BENCH_FILE                  ; CPU/hazard_unit.v                      ; --            ; --          ; testbench                         ;
; EDA_TEST_BENCH_FILE                  ; CPU/NeonFox.v                          ; --            ; --          ; testbench                         ;
; EDA_TEST_BENCH_FILE                  ; CPU/PC.v                               ; --            ; --          ; testbench                         ;
; EDA_TEST_BENCH_FILE                  ; CPU/reg_file.v                         ; --            ; --          ; testbench                         ;
; EDA_TEST_BENCH_FILE                  ; BRAM_8K.qip                            ; --            ; --          ; testbench                         ;
; EDA_TEST_BENCH_FILE                  ; BRAM_8K.v                              ; --            ; --          ; testbench                         ;
; EDA_TEST_BENCH_FILE                  ; button_debounce.sv                     ; --            ; --          ; testbench                         ;
; EDA_TEST_BENCH_FILE                  ; dragonboard_programmer.mif             ; --            ; --          ; testbench                         ;
; EDA_TEST_BENCH_FILE                  ; I2C_phy.sv                             ; --            ; --          ; testbench                         ;
; EDA_TEST_BENCH_FILE                  ; I2C_ri.sv                              ; --            ; --          ; testbench                         ;
; EDA_TEST_BENCH_FILE                  ; interrupt_controller.v                 ; --            ; --          ; testbench                         ;
; EDA_TEST_BENCH_FILE                  ; IOMM64.sv                              ; --            ; --          ; testbench                         ;
; EDA_TEST_BENCH_FILE                  ; keyboard.v                             ; --            ; --          ; testbench                         ;
; EDA_TEST_BENCH_FILE                  ; memory_arbiter.sv                      ; --            ; --          ; testbench                         ;
; EDA_TEST_BENCH_FILE                  ; PLL0.ppf                               ; --            ; --          ; testbench                         ;
; EDA_TEST_BENCH_FILE                  ; PLL0.qip                               ; --            ; --          ; testbench                         ;
; EDA_TEST_BENCH_FILE                  ; PLL0.v                                 ; --            ; --          ; testbench                         ;
; EDA_TEST_BENCH_FILE                  ; PRG_ROM.qip                            ; --            ; --          ; testbench                         ;
; EDA_TEST_BENCH_FILE                  ; PRG_ROM.v                              ; --            ; --          ; testbench                         ;
; EDA_TEST_BENCH_FILE                  ; ps2_host.v                             ; --            ; --          ; testbench                         ;
; EDA_TEST_BENCH_FILE                  ; r3_rom_8_bit.mif                       ; --            ; --          ; testbench                         ;
; EDA_TEST_BENCH_FILE                  ; sdr.sv                                 ; --            ; --          ; testbench                         ;
; EDA_TEST_BENCH_FILE                  ; sdr_parameters.sv                      ; --            ; --          ; testbench                         ;
; EDA_TEST_BENCH_FILE                  ; SDRAM_SP8_B8_I.sv                      ; --            ; --          ; testbench                         ;
; EDA_TEST_BENCH_FILE                  ; serial.v                               ; --            ; --          ; testbench                         ;
; EDA_TEST_BENCH_FILE                  ; testbench.v                            ; --            ; --          ; testbench                         ;
; EDA_TEST_BENCH_FILE                  ; timer.v                                ; --            ; --          ; testbench                         ;
; EDA_TEST_BENCH_FILE                  ; Toplevel.v                             ; --            ; --          ; testbench                         ;
; EDA_TEST_BENCH_FILE                  ; UART.v                                 ; --            ; --          ; testbench                         ;
; EDA_TEST_BENCH_MODULE_NAME           ; testbench                              ; --            ; --          ; testbench                         ;
; EDA_TEST_BENCH_NAME                  ; testbench                              ; --            ; --          ; eda_simulation                    ;
; EDA_TEST_BENCH_RUN_SIM_FOR           ; 100 us                                 ; --            ; --          ; testbench                         ;
; EDA_TIME_SCALE                       ; 1 ps                                   ; --            ; --          ; eda_simulation                    ;
; MAX_CORE_JUNCTION_TEMP               ; 85                                     ; --            ; --          ; --                                ;
; MIN_CORE_JUNCTION_TEMP               ; 0                                      ; --            ; --          ; --                                ;
; MISC_FILE                            ; PLL0.ppf                               ; --            ; --          ; --                                ;
; NOMINAL_CORE_SUPPLY_VOLTAGE          ; 1.2V                                   ; --            ; --          ; --                                ;
; NUM_PARALLEL_PROCESSORS              ; 16                                     ; --            ; --          ; --                                ;
; OUTPUT_IO_TIMING_FAR_END_VMEAS       ; Half Signal Swing                      ; --            ; --          ; --                                ;
; OUTPUT_IO_TIMING_FAR_END_VMEAS       ; Half Signal Swing                      ; --            ; --          ; --                                ;
; OUTPUT_IO_TIMING_NEAR_END_VMEAS      ; Half Vccio                             ; --            ; --          ; --                                ;
; OUTPUT_IO_TIMING_NEAR_END_VMEAS      ; Half Vccio                             ; --            ; --          ; --                                ;
; PARTITION_COLOR                      ; -- (Not supported for targeted family) ; --            ; --          ; Top                               ;
; PARTITION_FITTER_PRESERVATION_LEVEL  ; -- (Not supported for targeted family) ; --            ; --          ; Top                               ;
; PARTITION_NETLIST_TYPE               ; -- (Not supported for targeted family) ; --            ; --          ; Top                               ;
; POWER_BOARD_THERMAL_MODEL            ; None (CONSERVATIVE)                    ; --            ; --          ; --                                ;
; POWER_PRESET_COOLING_SOLUTION        ; 23 MM HEAT SINK WITH 200 LFPM AIRFLOW  ; --            ; --          ; --                                ;
; PROJECT_OUTPUT_DIRECTORY             ; output_files                           ; --            ; --          ; --                                ;
+--------------------------------------+----------------------------------------+---------------+-------------+-----------------------------------+


+--------------------------------------------------------------------------------------------------------------------------+
; Flow Elapsed Time                                                                                                        ;
+----------------------+--------------+-------------------------+---------------------+------------------------------------+
; Module Name          ; Elapsed Time ; Average Processors Used ; Peak Virtual Memory ; Total CPU Time (on all processors) ;
+----------------------+--------------+-------------------------+---------------------+------------------------------------+
; Analysis & Synthesis ; 00:00:11     ; 1.0                     ; 1069 MB             ; 00:00:23                           ;
; Fitter               ; 00:00:10     ; 1.5                     ; 2541 MB             ; 00:00:19                           ;
; Assembler            ; 00:00:01     ; 1.0                     ; 823 MB              ; 00:00:01                           ;
; Timing Analyzer      ; 00:00:02     ; 1.8                     ; 1030 MB             ; 00:00:03                           ;
; EDA Netlist Writer   ; 00:00:01     ; 1.0                     ; 1046 MB             ; 00:00:01                           ;
; Total                ; 00:00:25     ; --                      ; --                  ; 00:00:47                           ;
+----------------------+--------------+-------------------------+---------------------+------------------------------------+


+------------------------------------------------------------------------------------------------+
; Flow OS Summary                                                                                ;
+----------------------+------------------------------+------------+------------+----------------+
; Module Name          ; Machine Hostname             ; OS Name    ; OS Version ; Processor type ;
+----------------------+------------------------------+------------+------------+----------------+
; Analysis & Synthesis ; dragomir-System-Product-Name ; Linux Mint ; 21         ; x86_64         ;
; Fitter               ; dragomir-System-Product-Name ; Linux Mint ; 21         ; x86_64         ;
; Assembler            ; dragomir-System-Product-Name ; Linux Mint ; 21         ; x86_64         ;
; Timing Analyzer      ; dragomir-System-Product-Name ; Linux Mint ; 21         ; x86_64         ;
; EDA Netlist Writer   ; dragomir-System-Product-Name ; Linux Mint ; 21         ; x86_64         ;
+----------------------+------------------------------+------------+------------+----------------+


------------
; Flow Log ;
------------
quartus_map --read_settings_files=on --write_settings_files=off DragonBoard_programmer_V10 -c DragonBoard_programmer
quartus_fit --read_settings_files=off --write_settings_files=off DragonBoard_programmer_V10 -c DragonBoard_programmer
quartus_asm --read_settings_files=off --write_settings_files=off DragonBoard_programmer_V10 -c DragonBoard_programmer
quartus_sta DragonBoard_programmer_V10 -c DragonBoard_programmer
quartus_eda --read_settings_files=off --write_settings_files=off DragonBoard_programmer_V10 -c DragonBoard_programmer



